#
# There is insufficient memory for the Java Runtime Environment to continue.
# Native memory allocation (malloc) failed to allocate 488336 bytes for Chunk::new
# Possible reasons:
#   The system is out of physical RAM or swap space
#   In 32 bit mode, the process size limit was hit
# Possible solutions:
#   Reduce memory load on the system
#   Increase physical memory or swap space
#   Check if swap backing store is full
#   Use 64 bit Java on a 64 bit OS
#   Decrease Java heap size (-Xmx/-Xms)
#   Decrease number of Java threads
#   Decrease Java thread stack sizes (-Xss)
#   Set larger code cache with -XX:ReservedCodeCacheSize=
# This output file may be truncated or incomplete.
#
#  Out of Memory Error (allocation.cpp:390), pid=14888, tid=0x0000000000007bd4
#
# JRE version: OpenJDK Runtime Environment (8.0) (build 1.8.0-adoptopenjdk-_2018_05_19_00_59-b00)
# Java VM: OpenJDK 64-Bit Server VM (25.71-b00 mixed mode windows-amd64 compressed oops)
# Failed to write core dump. Minidumps are not enabled by default on client versions of Windows
#

---------------  T H R E A D  ---------------

Current thread (0x000000001de0d800):  JavaThread "C2 CompilerThread0" daemon [_thread_in_native, id=31700, stack(0x000000001e5f0000,0x000000001e6f0000)]

Stack: [0x000000001e5f0000,0x000000001e6f0000]
[error occurred during error reporting (printing stack bounds), id 0xc0000005]

Native frames: (J=compiled Java code, j=interpreted, Vv=VM code, C=native code)


Current CompileTask:
C2:   1563 1998   !   4       com.sun.org.apache.xerces.internal.impl.XMLDocumentFragmentScannerImpl$FragmentContentDriver::next (2346 bytes)


---------------  P R O C E S S  ---------------

Java Threads: ( => current thread )
  0x000000001fa64000 JavaThread "Keep-Alive-Timer" daemon [_thread_blocked, id=16728, stack(0x0000000020f20000,0x0000000021020000)]
  0x000000001dea1000 JavaThread "Service Thread" daemon [_thread_blocked, id=28956, stack(0x000000001e9f0000,0x000000001eaf0000)]
  0x000000001de15000 JavaThread "C1 CompilerThread3" daemon [_thread_in_native, id=14120, stack(0x000000001e8f0000,0x000000001e9f0000)]
  0x000000001de11000 JavaThread "C2 CompilerThread2" daemon [_thread_in_native, id=35888, stack(0x000000001e7f0000,0x000000001e8f0000)]
  0x000000001bf1a000 JavaThread "C2 CompilerThread1" daemon [_thread_in_native, id=44180, stack(0x000000001e6f0000,0x000000001e7f0000)]
=>0x000000001de0d800 JavaThread "C2 CompilerThread0" daemon [_thread_in_native, id=31700, stack(0x000000001e5f0000,0x000000001e6f0000)]
  0x000000001de0c800 JavaThread "Attach Listener" daemon [_thread_blocked, id=45016, stack(0x000000001e4f0000,0x000000001e5f0000)]
  0x000000001de09800 JavaThread "Signal Dispatcher" daemon [_thread_blocked, id=12096, stack(0x000000001e3f0000,0x000000001e4f0000)]
  0x000000000246e800 JavaThread "Finalizer" daemon [_thread_blocked, id=35596, stack(0x000000001e1d0000,0x000000001e2d0000)]
  0x000000000246c000 JavaThread "Reference Handler" daemon [_thread_blocked, id=43800, stack(0x000000001dcd0000,0x000000001ddd0000)]
  0x0000000002374800 JavaThread "main" [_thread_in_Java, id=37180, stack(0x0000000002220000,0x0000000002320000)]

Other Threads:
  0x000000001bf06800 VMThread [stack: 0x000000001dbd0000,0x000000001dcd0000] [id=35896]
  0x000000001dea1800 WatcherThread [stack: 0x000000001eaf0000,0x000000001ebf0000] [id=40928]

VM state:not at safepoint (normal execution)

VM Mutex/Monitor currently owned by a thread: None

Heap:
 PSYoungGen      total 76288K, used 60086K [0x000000076b200000, 0x0000000770700000, 0x00000007c0000000)
  eden space 65536K, 91% used [0x000000076b200000,0x000000076ecadab8,0x000000076f200000)
  from space 10752K, 0% used [0x000000076fc80000,0x000000076fc80000,0x0000000770700000)
  to   space 10752K, 0% used [0x000000076f200000,0x000000076f200000,0x000000076fc80000)
 ParOldGen       total 175104K, used 0K [0x00000006c1600000, 0x00000006cc100000, 0x000000076b200000)
  object space 175104K, 0% used [0x00000006c1600000,0x00000006c1600000,0x00000006cc100000)
 Metaspace       used 17170K, capacity 17538K, committed 17792K, reserved 1064960K
  class space    used 1980K, capacity 2099K, committed 2176K, reserved 1048576K

Card table byte_map: [0x0000000011830000,0x0000000012030000] byte_map_base: 0x000000000e225000

Marking Bits: (ParMarkBitMap*) 0x000000006929be50
 Begin Bits: [0x0000000012d80000, 0x0000000016d28000)
 End Bits:   [0x0000000016d28000, 0x000000001acd0000)

Polling page: 0x0000000002320000

CodeCache: size=245760Kb used=6766Kb max_used=6766Kb free=238993Kb
 bounds [0x0000000002470000, 0x0000000002b20000, 0x0000000011470000]
 total_blobs=2466 nmethods=2044 adapters=335
 compilation: enabled

Compilation events (10 events):
Event: 1.561 Thread 0x000000001de15000 nmethod 2014 0x0000000002b02150 code [0x0000000002b022a0, 0x0000000002b023b0]
Event: 1.561 Thread 0x000000001de15000 2043       3       com.sun.org.apache.xerces.internal.impl.dv.xs.DecimalDV::compare (12 bytes)
Event: 1.561 Thread 0x000000001de15000 nmethod 2043 0x0000000002b02410 code [0x0000000002b02580, 0x0000000002b02968]
Event: 1.561 Thread 0x000000001de15000 2042       3       com.sun.org.apache.xerces.internal.impl.dv.xs.XSSimpleTypeDecl::validate (68 bytes)
Event: 1.561 Thread 0x000000001de15000 nmethod 2042 0x0000000002b02a50 code [0x0000000002b02c00, 0x0000000002b03148]
Event: 1.561 Thread 0x000000001de15000 2046       3       com.sun.org.apache.xerces.internal.impl.xs.XMLSchemaValidator::addDefaultAttributes (410 bytes)
Event: 1.562 Thread 0x000000001de15000 nmethod 2046 0x0000000002b03350 code [0x0000000002b03680, 0x0000000002b057c8]
Event: 1.562 Thread 0x000000001de15000 2055   !   3       com.sun.xml.internal.bind.v2.runtime.unmarshaller.StructureLoader::startElement (433 bytes)
Event: 1.563 Thread 0x000000001de15000 nmethod 2055 0x0000000002b06e50 code [0x0000000002b072e0, 0x0000000002b0a248]
Event: 1.563 Thread 0x000000001de15000 2060       3       com.sun.org.apache.xerces.internal.impl.XMLEntityScanner::scanContent (690 bytes)

GC Heap History (0 events):
No events

Deoptimization events (10 events):
Event: 1.035 Thread 0x0000000002374800 Uncommon trap: reason=unstable_if action=reinterpret pc=0x0000000002964ac4 method=sun.nio.cs.UTF_8$Decoder.decode([BII[C)I @ 30
Event: 1.037 Thread 0x0000000002374800 Uncommon trap: reason=unstable_if action=reinterpret pc=0x00000000027eaa74 method=java.lang.String.indexOf([CII[CIII)I @ 27
Event: 1.063 Thread 0x0000000002374800 Uncommon trap: reason=unstable_if action=reinterpret pc=0x0000000002646e9c method=java.lang.String.startsWith(Ljava/lang/String;I)Z @ 25
Event: 1.072 Thread 0x0000000002374800 Uncommon trap: reason=unstable_if action=reinterpret pc=0x00000000029930b0 method=java.util.Arrays.equals([B[B)Z @ 12
Event: 1.520 Thread 0x0000000002374800 Uncommon trap: reason=unstable_if action=reinterpret pc=0x0000000002a4600c method=com.sun.org.apache.xerces.internal.impl.XMLEntityScanner.scanContent(Lcom/sun/org/apache/xerces/internal/xni/XMLString;)I @ 526
Event: 1.520 Thread 0x0000000002374800 Uncommon trap: reason=unstable_if action=reinterpret pc=0x0000000002a46a9c method=com.sun.org.apache.xerces.internal.impl.io.UTF8Reader.read([CII)I @ 131
Event: 1.520 Thread 0x0000000002374800 Uncommon trap: reason=unstable_if action=reinterpret pc=0x0000000002a47acc method=java.util.regex.Pattern$Ctype.isSatisfiedBy(I)Z @ 4
Event: 1.521 Thread 0x0000000002374800 Uncommon trap: reason=unstable_if action=reinterpret pc=0x0000000002a5ffa4 method=java.util.regex.Pattern$NotBehind.match(Ljava/util/regex/Matcher;ILjava/lang/CharSequence;)Z @ 128
Event: 1.559 Thread 0x0000000002374800 Uncommon trap: reason=unstable_if action=reinterpret pc=0x00000000027854f4 method=com.sun.org.apache.xerces.internal.impl.XMLEntityScanner.checkBeforeLoad(Lcom/sun/xml/internal/stream/Entity$ScannedEntity;II)I @ 18
Event: 1.562 Thread 0x0000000002374800 Uncommon trap: reason=unstable_if action=reinterpret pc=0x0000000002a9f130 method=com.sun.org.apache.xerces.internal.impl.XMLEntityScanner.scanContent(Lcom/sun/org/apache/xerces/internal/xni/XMLString;)I @ 418

Classes redefined (0 events):
No events

Internal exceptions (10 events):
Event: 0.600 Thread 0x0000000002374800 Exception <a 'sun/nio/fs/WindowsException'> (0x000000076c8eaaa8) thrown at [C:\Users\jenkins\workspace\openjdk8_build_x86-64_windows\openjdk\hotspot\src\share\vm\prims\jni.cpp, line 709]
Event: 0.600 Thread 0x0000000002374800 Exception <a 'sun/nio/fs/WindowsException'> (0x000000076c8eb190) thrown at [C:\Users\jenkins\workspace\openjdk8_build_x86-64_windows\openjdk\hotspot\src\share\vm\prims\jni.cpp, line 709]
Event: 0.600 Thread 0x0000000002374800 Exception <a 'sun/nio/fs/WindowsException'> (0x000000076c8ebac8) thrown at [C:\Users\jenkins\workspace\openjdk8_build_x86-64_windows\openjdk\hotspot\src\share\vm\prims\jni.cpp, line 709]
Event: 0.600 Thread 0x0000000002374800 Exception <a 'sun/nio/fs/WindowsException'> (0x000000076c8ec3e0) thrown at [C:\Users\jenkins\workspace\openjdk8_build_x86-64_windows\openjdk\hotspot\src\share\vm\prims\jni.cpp, line 709]
Event: 0.601 Thread 0x0000000002374800 Exception <a 'sun/nio/fs/WindowsException'> (0x000000076c8ecad0) thrown at [C:\Users\jenkins\workspace\openjdk8_build_x86-64_windows\openjdk\hotspot\src\share\vm\prims\jni.cpp, line 709]
Event: 0.601 Thread 0x0000000002374800 Exception <a 'sun/nio/fs/WindowsException'> (0x000000076c8ed4e8) thrown at [C:\Users\jenkins\workspace\openjdk8_build_x86-64_windows\openjdk\hotspot\src\share\vm\prims\jni.cpp, line 709]
Event: 0.601 Thread 0x0000000002374800 Exception <a 'sun/nio/fs/WindowsException'> (0x000000076c8ee930) thrown at [C:\Users\jenkins\workspace\openjdk8_build_x86-64_windows\openjdk\hotspot\src\share\vm\prims\jni.cpp, line 709]
Event: 0.601 Thread 0x0000000002374800 Exception <a 'sun/nio/fs/WindowsException'> (0x000000076c8ef038) thrown at [C:\Users\jenkins\workspace\openjdk8_build_x86-64_windows\openjdk\hotspot\src\share\vm\prims\jni.cpp, line 709]
Event: 1.072 Thread 0x0000000002374800 Implicit null exception at 0x0000000002992f58 to 0x000000000299309d
Event: 1.500 Thread 0x0000000002374800 Exception <a 'java/lang/ClassNotFoundException': com/sun/org/glassfish/hk2/osgiresourcelocator/ServiceLoader> (0x000000076e68f880) thrown at [C:\Users\jenkins\workspace\openjdk8_build_x86-64_windows\openjdk\hotspot\src\share\vm\classfile\systemDictionary.

Events (10 events):
Event: 1.541 loading class com/sun/org/apache/xerces/internal/impl/xpath/regex/Op$UnionOp
Event: 1.541 loading class com/sun/org/apache/xerces/internal/impl/xpath/regex/Op$UnionOp done
Event: 1.556 Executing VM operation: ForceSafepoint
Event: 1.556 Executing VM operation: ForceSafepoint done
Event: 1.558 Thread 0x0000000002374800 Uncommon trap: trap_request=0xffffff65 fr.pc=0x00000000027854f4
Event: 1.559 Thread 0x0000000002374800 DEOPT PACKING pc=0x00000000027854f4 sp=0x000000000231e7e0
Event: 1.559 Thread 0x0000000002374800 DEOPT UNPACKING pc=0x00000000024b557b sp=0x000000000231e758 mode 2
Event: 1.562 Thread 0x0000000002374800 Uncommon trap: trap_request=0xffffff65 fr.pc=0x0000000002a9f130
Event: 1.562 Thread 0x0000000002374800 DEOPT PACKING pc=0x0000000002a9f130 sp=0x000000000231e990
Event: 1.562 Thread 0x0000000002374800 DEOPT UNPACKING pc=0x00000000024b557b sp=0x000000000231e938 mode 2


Dynamic libraries:
0x00007ff7c29f0000 - 0x00007ff7c2a25000 	D:\Programs\2021.3.13f1\Editor\Data\PlaybackEngines\AndroidPlayer\OpenJDK\bin\java.exe
0x00007ffe2fef0000 - 0x00007ffe300e8000 	C:\WINDOWS\SYSTEM32\ntdll.dll
0x00007ffe2ed50000 - 0x00007ffe2ee0f000 	C:\WINDOWS\System32\KERNEL32.DLL
0x00007ffe2d690000 - 0x00007ffe2d962000 	C:\WINDOWS\System32\KERNELBASE.dll
0x00007ffe2fe00000 - 0x00007ffe2feae000 	C:\WINDOWS\System32\ADVAPI32.dll
0x00007ffe2df40000 - 0x00007ffe2dfde000 	C:\WINDOWS\System32\msvcrt.dll
0x00007ffe2ea20000 - 0x00007ffe2eabc000 	C:\WINDOWS\System32\sechost.dll
0x00007ffe2eec0000 - 0x00007ffe2efe5000 	C:\WINDOWS\System32\RPCRT4.dll
0x00007ffe2f900000 - 0x00007ffe2fa9d000 	C:\WINDOWS\System32\USER32.dll
0x00007ffe2d970000 - 0x00007ffe2d992000 	C:\WINDOWS\System32\win32u.dll
0x00007ffe2f8d0000 - 0x00007ffe2f8fb000 	C:\WINDOWS\System32\GDI32.dll
0x00007ffe2dbc0000 - 0x00007ffe2dccf000 	C:\WINDOWS\System32\gdi32full.dll
0x00007ffe2d5f0000 - 0x00007ffe2d68d000 	C:\WINDOWS\System32\msvcp_win.dll
0x00007ffe2ddd0000 - 0x00007ffe2ded0000 	C:\WINDOWS\System32\ucrtbase.dll
0x00007ffe20540000 - 0x00007ffe207da000 	C:\WINDOWS\WinSxS\amd64_microsoft.windows.common-controls_6595b64144ccf1df_6.0.19041.1110_none_60b5254171f9507e\COMCTL32.dll
0x00007ffe2dfe0000 - 0x00007ffe2e012000 	C:\WINDOWS\System32\IMM32.DLL
0x0000000069c10000 - 0x0000000069ce2000 	D:\Programs\2021.3.13f1\Editor\Data\PlaybackEngines\AndroidPlayer\OpenJDK\jre\bin\msvcr100.dll
0x0000000068ad0000 - 0x0000000069319000 	D:\Programs\2021.3.13f1\Editor\Data\PlaybackEngines\AndroidPlayer\OpenJDK\jre\bin\server\jvm.dll
0x00007ffe2e200000 - 0x00007ffe2e208000 	C:\WINDOWS\System32\PSAPI.DLL
0x00007ffe2ae50000 - 0x00007ffe2ae59000 	C:\WINDOWS\SYSTEM32\WSOCK32.dll
0x00007ffe24c40000 - 0x00007ffe24c4a000 	C:\WINDOWS\SYSTEM32\VERSION.dll
0x00007ffe23a80000 - 0x00007ffe23aa7000 	C:\WINDOWS\SYSTEM32\WINMM.dll
0x00007ffe2e680000 - 0x00007ffe2e6eb000 	C:\WINDOWS\System32\WS2_32.dll
0x00007ffe25a00000 - 0x00007ffe25a0f000 	D:\Programs\2021.3.13f1\Editor\Data\PlaybackEngines\AndroidPlayer\OpenJDK\jre\bin\verify.dll
0x00007ffdf7dc0000 - 0x00007ffdf7de9000 	D:\Programs\2021.3.13f1\Editor\Data\PlaybackEngines\AndroidPlayer\OpenJDK\jre\bin\java.dll
0x00007ffe04420000 - 0x00007ffe04436000 	D:\Programs\2021.3.13f1\Editor\Data\PlaybackEngines\AndroidPlayer\OpenJDK\jre\bin\zip.dll
0x00007ffe2f070000 - 0x00007ffe2f7b3000 	C:\WINDOWS\System32\SHELL32.dll
0x00007ffe2b6d0000 - 0x00007ffe2be62000 	C:\WINDOWS\SYSTEM32\windows.storage.dll
0x00007ffe2faa0000 - 0x00007ffe2fdf4000 	C:\WINDOWS\System32\combase.dll
0x00007ffe2d050000 - 0x00007ffe2d080000 	C:\WINDOWS\SYSTEM32\Wldp.dll
0x00007ffe2ee10000 - 0x00007ffe2eebd000 	C:\WINDOWS\System32\SHCORE.dll
0x00007ffe2e1a0000 - 0x00007ffe2e1f5000 	C:\WINDOWS\System32\shlwapi.dll
0x00007ffe2d530000 - 0x00007ffe2d54f000 	C:\WINDOWS\SYSTEM32\profapi.dll
0x00007ffe03890000 - 0x00007ffe038aa000 	D:\Programs\2021.3.13f1\Editor\Data\PlaybackEngines\AndroidPlayer\OpenJDK\jre\bin\net.dll
0x00007ffe2cdb0000 - 0x00007ffe2ce1a000 	C:\WINDOWS\system32\mswsock.dll
0x00007ffdfe360000 - 0x00007ffdfe371000 	D:\Programs\2021.3.13f1\Editor\Data\PlaybackEngines\AndroidPlayer\OpenJDK\jre\bin\nio.dll
0x00007ffe1ff50000 - 0x00007ffe1ff74000 	D:\Programs\2021.3.13f1\Editor\Data\PlaybackEngines\AndroidPlayer\OpenJDK\jre\bin\sunec.dll
0x00007ffe2cfa0000 - 0x00007ffe2cfb8000 	C:\WINDOWS\SYSTEM32\CRYPTSP.dll
0x00007ffe2c660000 - 0x00007ffe2c694000 	C:\WINDOWS\system32\rsaenh.dll
0x00007ffe2d9a0000 - 0x00007ffe2d9c7000 	C:\WINDOWS\System32\bcrypt.dll
0x00007ffe2d4f0000 - 0x00007ffe2d51e000 	C:\WINDOWS\SYSTEM32\USERENV.dll
0x00007ffe2db30000 - 0x00007ffe2dbb2000 	C:\WINDOWS\System32\bcryptprimitives.dll
0x00007ffe2cfc0000 - 0x00007ffe2cfcc000 	C:\WINDOWS\SYSTEM32\CRYPTBASE.dll
0x00007ffe2ca50000 - 0x00007ffe2ca8b000 	C:\WINDOWS\SYSTEM32\IPHLPAPI.DLL
0x00007ffe2e900000 - 0x00007ffe2e908000 	C:\WINDOWS\System32\NSI.dll
0x00007ffe25930000 - 0x00007ffe25947000 	C:\WINDOWS\SYSTEM32\dhcpcsvc6.DLL
0x00007ffe25860000 - 0x00007ffe2587d000 	C:\WINDOWS\SYSTEM32\dhcpcsvc.DLL
0x00007ffe2caa0000 - 0x00007ffe2cb6a000 	C:\WINDOWS\SYSTEM32\DNSAPI.dll
0x00007ffe23ab0000 - 0x00007ffe23abb000 	D:\Programs\2021.3.13f1\Editor\Data\PlaybackEngines\AndroidPlayer\OpenJDK\jre\bin\sunmscapi.dll
0x00007ffe2d9d0000 - 0x00007ffe2db26000 	C:\WINDOWS\System32\CRYPT32.dll
0x00007ffe214d0000 - 0x00007ffe214da000 	C:\Windows\System32\rasadhlp.dll
0x00007ffe20a70000 - 0x00007ffe20af0000 	C:\WINDOWS\System32\fwpuclnt.dll

VM Arguments:
jvm_args: -Dfile.encoding=UTF-8 -Dcom.android.sdklib.toolsdir=D:\Programs\2021.3.13f1\Editor\Data\PlaybackEngines\AndroidPlayer\SDK\tools\bin\\.. 
java_command: com.android.sdklib.tool.sdkmanager.SdkManagerCli --list
java_class_path (initial): D:\Programs\2021.3.13f1\Editor\Data\PlaybackEngines\AndroidPlayer\SDK\tools\bin\..\lib\dvlib-26.0.0-dev.jar;D:\Programs\2021.3.13f1\Editor\Data\PlaybackEngines\AndroidPlayer\SDK\tools\bin\..\lib\jimfs-1.1.jar;D:\Programs\2021.3.13f1\Editor\Data\PlaybackEngines\AndroidPlayer\SDK\tools\bin\..\lib\jsr305-1.3.9.jar;D:\Programs\2021.3.13f1\Editor\Data\PlaybackEngines\AndroidPlayer\SDK\tools\bin\..\lib\repository-26.0.0-dev.jar;D:\Programs\2021.3.13f1\Editor\Data\PlaybackEngines\AndroidPlayer\SDK\tools\bin\..\lib\j2objc-annotations-1.1.jar;D:\Programs\2021.3.13f1\Editor\Data\PlaybackEngines\AndroidPlayer\SDK\tools\bin\..\lib\layoutlib-api-26.0.0-dev.jar;D:\Programs\2021.3.13f1\Editor\Data\PlaybackEngines\AndroidPlayer\SDK\tools\bin\..\lib\gson-2.3.jar;D:\Programs\2021.3.13f1\Editor\Data\PlaybackEngines\AndroidPlayer\SDK\tools\bin\..\lib\httpcore-4.2.5.jar;D:\Programs\2021.3.13f1\Editor\Data\PlaybackEngines\AndroidPlayer\SDK\tools\bin\..\lib\commons-logging-1.1.1.jar;D:\Programs\2021.3.13f1\Editor\Data\PlaybackEngines\AndroidPlayer\SDK\tools\bin\..\lib\commons-compress-1.12.jar;D:\Programs\2021.3.13f1\Editor\Data\PlaybackEngines\AndroidPlayer\SDK\tools\bin\..\lib\annotations-26.0.0-dev.jar;D:\Programs\2021.3.13f1\Editor\Data\PlaybackEngines\AndroidPlayer\SDK\tools\bin\..\lib\error_prone_annotations-2.0.18.jar;D:\Programs\2021.3.13f1\Editor\Data\PlaybackEngines\AndroidPlayer\SDK\tools\bin\..\lib\animal-sniffer-annotations-1.14.jar;D:\Programs\2021.3.13f1\Editor\Data\PlaybackEngines\AndroidPlayer\SDK\tools\bin\..\lib\httpclient-4.2.6.jar;D:\Programs\2021.3.13f1\Editor\Data\PlaybackEngines\AndroidPlayer\SDK\tools\bin\..\lib\commons-codec-1.6.jar;D:\Programs\2021.3.13f1\Editor\Data\PlaybackEngines\AndroidPlayer\SDK\tools\bin\..\lib\common-26.0.0-dev.jar;D:\Programs\2021.3.13f1\Editor\Data\PlaybackEngines\AndroidPlayer\SDK\tools\bin\..\lib\kxml2-2.3.0.jar;D:\Programs\2021.3.13f1\Editor\Data\PlaybackEngines\AndroidPlayer\SDK\tools\bin\..\lib\httpmime
Launcher Type: SUN_STANDARD

Environment Variables:
JAVA_HOME=D:\Programs\2021.3.13f1\Editor\Data\PlaybackEngines\AndroidPlayer\OpenJDK
JAVA_TOOL_OPTIONS=-Dfile.encoding=UTF-8
PATH=d:\oculus\support\oculus-runtime;c:\python38\scripts\;c:\python38\;c:\program files (x86)\common files\oracle\java\javapath;c:\windows\system32;c:\windows;c:\windows\system32\wbem;c:\windows\system32\windowspowershell\v1.0\;c:\windows\system32\openssh\;c:\program files\dotnet\;c:\program files\microsoft sql server\130\tools\binn\;C:\Program Files (x86)\NVIDIA Corporation\PhysX\Common;C:\WINDOWS\system32;C:\WINDOWS;C:\WINDOWS\System32\Wbem;C:\WINDOWS\System32\WindowsPowerShell\v1.0\;C:\WINDOWS\System32\OpenSSH\;C:\Program Files\NVIDIA Corporation\NVIDIA NvDLISR;C:\Program Files\Git\cmd;C:\Users\olegm\AppData\Local\Microsoft\WindowsApps;C:\Users\olegm\AppData\Local\GitHubDesktop\bin;C:\Users\olegm\.dotnet\tools
USERNAME=OutdoorHawk
OS=Windows_NT
PROCESSOR_IDENTIFIER=Intel64 Family 6 Model 158 Stepping 12, GenuineIntel



---------------  S Y S T E M  ---------------

OS: Windows 10.0 , 64 bit Build 19041 (10.0.19041.2251)

CPU:total 8 (initial active 8) (8 cores per cpu, 1 threads per core) family 6 model 158 stepping 12, cmov, cx8, fxsr, mmx, sse, sse2, sse3, ssse3, sse4.1, sse4.2, popcnt, avx, avx2, aes, clmul, erms, rtm, 3dnowpref, lzcnt, tsc, tscinvbit, bmi1, bmi2, adx

Memory: 4k page, physical 16686376k(2650888k free), swap 45816824k(5132k free)

vm_info: OpenJDK 64-Bit Server VM (25.71-b00) for windows-amd64 JRE (1.8.0-adoptopenjdk-_2018_05_19_00_59-b00), built on May 19 2018 01:02:12 by "jenkins" with MS VC++ 10.0 (VS2010)

time: Tue Dec 13 18:51:24 2022
elapsed time: 1 seconds (0d 0h 0m 1s)

