#
# There is insufficient memory for the Java Runtime Environment to continue.
# Native memory allocation (malloc) failed to allocate 1048576 bytes for AllocateHeap
# Possible reasons:
#   The system is out of physical RAM or swap space
#   In 32 bit mode, the process size limit was hit
# Possible solutions:
#   Reduce memory load on the system
#   Increase physical memory or swap space
#   Check if swap backing store is full
#   Use 64 bit Java on a 64 bit OS
#   Decrease Java heap size (-Xmx/-Xms)
#   Decrease number of Java threads
#   Decrease Java thread stack sizes (-Xss)
#   Set larger code cache with -XX:ReservedCodeCacheSize=
# This output file may be truncated or incomplete.
#
#  Out of Memory Error (memory/allocation.inline.hpp:61), pid=29068, tid=0x000000000000b0c0
#
# JRE version:  (8.0) (build )
# Java VM: OpenJDK 64-Bit Server VM (25.71-b00 mixed mode windows-amd64 compressed oops)
# Failed to write core dump. Minidumps are not enabled by default on client versions of Windows
#

---------------  T H R E A D  ---------------

Current thread (0x00000000030e4800):  JavaThread "Unknown thread" [_thread_in_vm, id=45248, stack(0x0000000002f50000,0x0000000003050000)]

Stack: [0x0000000002f50000,0x0000000003050000]
[error occurred during error reporting (printing stack bounds), id 0xc0000005]

Native frames: (J=compiled Java code, j=interpreted, Vv=VM code, C=native code)


---------------  P R O C E S S  ---------------

Java Threads: ( => current thread )

Other Threads:

=>0x00000000030e4800 (exited) JavaThread "Unknown thread" [_thread_in_vm, id=45248, stack(0x0000000002f50000,0x0000000003050000)]

VM state:not at safepoint (normal execution)

VM Mutex/Monitor currently owned by a thread: None

Heap:
 PSYoungGen      total 76288K, used 1310K [0x000000076b200000, 0x0000000770700000, 0x00000007c0000000)
  eden space 65536K, 2% used [0x000000076b200000,0x000000076b347af0,0x000000076f200000)
  from space 10752K, 0% used [0x000000076fc80000,0x000000076fc80000,0x0000000770700000)
  to   space 10752K, 0% used [0x000000076f200000,0x000000076f200000,0x000000076fc80000)
 ParOldGen       total 175104K, used 0K [0x00000006c1600000, 0x00000006cc100000, 0x000000076b200000)
  object space 175104K, 0% used [0x00000006c1600000,0x00000006c1600000,0x00000006cc100000)
 Metaspace       used 777K, capacity 4480K, committed 4480K, reserved 1056768K
  class space    used 74K, capacity 384K, committed 384K, reserved 1048576K

Card table byte_map: [0x00000000125a0000,0x0000000012da0000] byte_map_base: 0x000000000ef95000

Marking Bits: (ParMarkBitMap*) 0x000000006929be50
 Begin Bits: [0x0000000013af0000, 0x0000000017a98000)
 End Bits:   [0x0000000017a98000, 0x000000001ba40000)

Polling page: 0x0000000001710000

CodeCache: size=245760Kb used=328Kb max_used=328Kb free=245431Kb
 bounds [0x00000000031e0000, 0x0000000003450000, 0x00000000121e0000]
 total_blobs=57 nmethods=0 adapters=38
 compilation: enabled

Compilation events (0 events):
No events

GC Heap History (0 events):
No events

Deoptimization events (0 events):
No events

Classes redefined (0 events):
No events

Internal exceptions (0 events):
No events

Events (10 events):
Event: 0.012 loading class java/lang/Short
Event: 0.012 loading class java/lang/Short done
Event: 0.012 loading class java/lang/Integer
Event: 0.012 loading class java/lang/Integer done
Event: 0.012 loading class java/lang/Long
Event: 0.012 loading class java/lang/Long done
Event: 0.013 loading class java/lang/NullPointerException
Event: 0.013 loading class java/lang/NullPointerException done
Event: 0.013 loading class java/lang/ArithmeticException
Event: 0.013 loading class java/lang/ArithmeticException done


Dynamic libraries:
0x00007ff785260000 - 0x00007ff785295000 	D:\Programs\2021.3.13f1\Editor\Data\PlaybackEngines\AndroidPlayer\OpenJDK\bin\java.exe
0x00007ffe2fef0000 - 0x00007ffe300e8000 	C:\WINDOWS\SYSTEM32\ntdll.dll
0x00007ffe2ed50000 - 0x00007ffe2ee0f000 	C:\WINDOWS\System32\KERNEL32.DLL
0x00007ffe2d690000 - 0x00007ffe2d962000 	C:\WINDOWS\System32\KERNELBASE.dll
0x00007ffe2fe00000 - 0x00007ffe2feae000 	C:\WINDOWS\System32\ADVAPI32.dll
0x00007ffe2df40000 - 0x00007ffe2dfde000 	C:\WINDOWS\System32\msvcrt.dll
0x00007ffe2ea20000 - 0x00007ffe2eabc000 	C:\WINDOWS\System32\sechost.dll
0x00007ffe2eec0000 - 0x00007ffe2efe5000 	C:\WINDOWS\System32\RPCRT4.dll
0x00007ffe2f900000 - 0x00007ffe2fa9d000 	C:\WINDOWS\System32\USER32.dll
0x00007ffe2d970000 - 0x00007ffe2d992000 	C:\WINDOWS\System32\win32u.dll
0x00007ffe2f8d0000 - 0x00007ffe2f8fb000 	C:\WINDOWS\System32\GDI32.dll
0x00007ffe2dbc0000 - 0x00007ffe2dccf000 	C:\WINDOWS\System32\gdi32full.dll
0x00007ffe2d5f0000 - 0x00007ffe2d68d000 	C:\WINDOWS\System32\msvcp_win.dll
0x00007ffe2ddd0000 - 0x00007ffe2ded0000 	C:\WINDOWS\System32\ucrtbase.dll
0x00007ffe20540000 - 0x00007ffe207da000 	C:\WINDOWS\WinSxS\amd64_microsoft.windows.common-controls_6595b64144ccf1df_6.0.19041.1110_none_60b5254171f9507e\COMCTL32.dll
0x00007ffe2dfe0000 - 0x00007ffe2e012000 	C:\WINDOWS\System32\IMM32.DLL
0x0000000069c10000 - 0x0000000069ce2000 	D:\Programs\2021.3.13f1\Editor\Data\PlaybackEngines\AndroidPlayer\OpenJDK\jre\bin\msvcr100.dll
0x0000000068ad0000 - 0x0000000069319000 	D:\Programs\2021.3.13f1\Editor\Data\PlaybackEngines\AndroidPlayer\OpenJDK\jre\bin\server\jvm.dll
0x00007ffe2e200000 - 0x00007ffe2e208000 	C:\WINDOWS\System32\PSAPI.DLL
0x00007ffe2ae50000 - 0x00007ffe2ae59000 	C:\WINDOWS\SYSTEM32\WSOCK32.dll
0x00007ffe23a80000 - 0x00007ffe23aa7000 	C:\WINDOWS\SYSTEM32\WINMM.dll
0x00007ffe24c40000 - 0x00007ffe24c4a000 	C:\WINDOWS\SYSTEM32\VERSION.dll
0x00007ffe2e680000 - 0x00007ffe2e6eb000 	C:\WINDOWS\System32\WS2_32.dll
0x00007ffe252e0000 - 0x00007ffe252ef000 	D:\Programs\2021.3.13f1\Editor\Data\PlaybackEngines\AndroidPlayer\OpenJDK\jre\bin\verify.dll
0x00007ffe0b610000 - 0x00007ffe0b639000 	D:\Programs\2021.3.13f1\Editor\Data\PlaybackEngines\AndroidPlayer\OpenJDK\jre\bin\java.dll
0x00007ffe21310000 - 0x00007ffe21326000 	D:\Programs\2021.3.13f1\Editor\Data\PlaybackEngines\AndroidPlayer\OpenJDK\jre\bin\zip.dll

VM Arguments:
jvm_args: -Dfile.encoding=UTF-8 -Dcom.android.sdklib.toolsdir=D:\Programs\2021.3.13f1\Editor\Data\PlaybackEngines\AndroidPlayer\SDK\tools\bin\\.. 
java_command: com.android.sdklib.tool.sdkmanager.SdkManagerCli --list
java_class_path (initial): D:\Programs\2021.3.13f1\Editor\Data\PlaybackEngines\AndroidPlayer\SDK\tools\bin\..\lib\dvlib-26.0.0-dev.jar;D:\Programs\2021.3.13f1\Editor\Data\PlaybackEngines\AndroidPlayer\SDK\tools\bin\..\lib\jimfs-1.1.jar;D:\Programs\2021.3.13f1\Editor\Data\PlaybackEngines\AndroidPlayer\SDK\tools\bin\..\lib\jsr305-1.3.9.jar;D:\Programs\2021.3.13f1\Editor\Data\PlaybackEngines\AndroidPlayer\SDK\tools\bin\..\lib\repository-26.0.0-dev.jar;D:\Programs\2021.3.13f1\Editor\Data\PlaybackEngines\AndroidPlayer\SDK\tools\bin\..\lib\j2objc-annotations-1.1.jar;D:\Programs\2021.3.13f1\Editor\Data\PlaybackEngines\AndroidPlayer\SDK\tools\bin\..\lib\layoutlib-api-26.0.0-dev.jar;D:\Programs\2021.3.13f1\Editor\Data\PlaybackEngines\AndroidPlayer\SDK\tools\bin\..\lib\gson-2.3.jar;D:\Programs\2021.3.13f1\Editor\Data\PlaybackEngines\AndroidPlayer\SDK\tools\bin\..\lib\httpcore-4.2.5.jar;D:\Programs\2021.3.13f1\Editor\Data\PlaybackEngines\AndroidPlayer\SDK\tools\bin\..\lib\commons-logging-1.1.1.jar;D:\Programs\2021.3.13f1\Editor\Data\PlaybackEngines\AndroidPlayer\SDK\tools\bin\..\lib\commons-compress-1.12.jar;D:\Programs\2021.3.13f1\Editor\Data\PlaybackEngines\AndroidPlayer\SDK\tools\bin\..\lib\annotations-26.0.0-dev.jar;D:\Programs\2021.3.13f1\Editor\Data\PlaybackEngines\AndroidPlayer\SDK\tools\bin\..\lib\error_prone_annotations-2.0.18.jar;D:\Programs\2021.3.13f1\Editor\Data\PlaybackEngines\AndroidPlayer\SDK\tools\bin\..\lib\animal-sniffer-annotations-1.14.jar;D:\Programs\2021.3.13f1\Editor\Data\PlaybackEngines\AndroidPlayer\SDK\tools\bin\..\lib\httpclient-4.2.6.jar;D:\Programs\2021.3.13f1\Editor\Data\PlaybackEngines\AndroidPlayer\SDK\tools\bin\..\lib\commons-codec-1.6.jar;D:\Programs\2021.3.13f1\Editor\Data\PlaybackEngines\AndroidPlayer\SDK\tools\bin\..\lib\common-26.0.0-dev.jar;D:\Programs\2021.3.13f1\Editor\Data\PlaybackEngines\AndroidPlayer\SDK\tools\bin\..\lib\kxml2-2.3.0.jar;D:\Programs\2021.3.13f1\Editor\Data\PlaybackEngines\AndroidPlayer\SDK\tools\bin\..\lib\httpmime
Launcher Type: SUN_STANDARD

Environment Variables:
JAVA_HOME=D:\Programs\2021.3.13f1\Editor\Data\PlaybackEngines\AndroidPlayer\OpenJDK
JAVA_TOOL_OPTIONS=-Dfile.encoding=UTF-8
PATH=d:\oculus\support\oculus-runtime;c:\python38\scripts\;c:\python38\;c:\program files (x86)\common files\oracle\java\javapath;c:\windows\system32;c:\windows;c:\windows\system32\wbem;c:\windows\system32\windowspowershell\v1.0\;c:\windows\system32\openssh\;c:\program files\dotnet\;c:\program files\microsoft sql server\130\tools\binn\;C:\Program Files (x86)\NVIDIA Corporation\PhysX\Common;C:\WINDOWS\system32;C:\WINDOWS;C:\WINDOWS\System32\Wbem;C:\WINDOWS\System32\WindowsPowerShell\v1.0\;C:\WINDOWS\System32\OpenSSH\;C:\Program Files\NVIDIA Corporation\NVIDIA NvDLISR;C:\Program Files\Git\cmd;C:\Users\olegm\AppData\Local\Microsoft\WindowsApps;C:\Users\olegm\AppData\Local\GitHubDesktop\bin;C:\Users\olegm\.dotnet\tools
USERNAME=OutdoorHawk
OS=Windows_NT
PROCESSOR_IDENTIFIER=Intel64 Family 6 Model 158 Stepping 12, GenuineIntel



---------------  S Y S T E M  ---------------

OS: Windows 10.0 , 64 bit Build 19041 (10.0.19041.2251)

CPU:total 8 (initial active 8) (8 cores per cpu, 1 threads per core) family 6 model 158 stepping 12, cmov, cx8, fxsr, mmx, sse, sse2, sse3, ssse3, sse4.1, sse4.2, popcnt, avx, avx2, aes, clmul, erms, rtm, 3dnowpref, lzcnt, tsc, tscinvbit, bmi1, bmi2, adx

Memory: 4k page, physical 16686376k(1556780k free), swap 45816824k(5644k free)

vm_info: OpenJDK 64-Bit Server VM (25.71-b00) for windows-amd64 JRE (1.8.0-adoptopenjdk-_2018_05_19_00_59-b00), built on May 19 2018 01:02:12 by "jenkins" with MS VC++ 10.0 (VS2010)

time: Tue Dec 13 12:29:36 2022
elapsed time: 0 seconds (0d 0h 0m 0s)

